d:\code\в процессе\the salute\the salute\x64\debug\vc141.pdb
d:\code\в процессе\the salute\the salute\x64\debug\vc141.idb
d:\code\в процессе\the salute\the salute\x64\debug\custom.obj
d:\code\в процессе\the salute\the salute\x64\debug\buttonyesno.obj
d:\code\в процессе\the salute\the salute\x64\debug\prototypefactory.obj
d:\code\в процессе\the salute\the salute\x64\debug\sfml.obj
d:\code\в процессе\the salute\the salute\x64\debug\salute.obj
d:\code\в процессе\the salute\the salute\x64\debug\prototype.obj
d:\code\в процессе\the salute\the salute\x64\debug\particle.obj
d:\code\в процессе\the salute\the salute\x64\debug\main.obj
d:\code\в процессе\the salute\x64\debug\the salute.pdb
d:\code\в процессе\the salute\the salute\x64\debug\the salute.tlog\cl.command.1.tlog
d:\code\в процессе\the salute\the salute\x64\debug\the salute.tlog\cl.read.1.tlog
d:\code\в процессе\the salute\the salute\x64\debug\the salute.tlog\cl.write.1.tlog
d:\code\в процессе\the salute\the salute\x64\debug\the salute.tlog\link-cvtres.read.1.tlog
d:\code\в процессе\the salute\the salute\x64\debug\the salute.tlog\link-cvtres.write.1.tlog
d:\code\в процессе\the salute\the salute\x64\debug\the salute.tlog\link-rc.read.1.tlog
d:\code\в процессе\the salute\the salute\x64\debug\the salute.tlog\link-rc.write.1.tlog
d:\code\в процессе\the salute\the salute\x64\debug\the salute.tlog\link.command.1.tlog
d:\code\в процессе\the salute\the salute\x64\debug\the salute.tlog\link.read.1.tlog
d:\code\в процессе\the salute\the salute\x64\debug\the salute.tlog\link.write.1.tlog
