  SFML.cpp
d:\code\в процессе\the salute\the salute\sfml.cpp(55): warning C4305: инициализация: усечение из "double" в "float"
d:\code\в процессе\the salute\the salute\sfml.cpp(76): warning C4244: аргумент: преобразование "T" в "T", возможна потеря данных
          with
          [
              T=int
          ]
          and
          [
              T=float
          ]
d:\code\в процессе\the salute\the salute\sfml.cpp(78): warning C4244: аргумент: преобразование "const T" в "T", возможна потеря данных
          with
          [
              T=float
          ]
          and
          [
              T=int
          ]
d:\code\в процессе\the salute\the salute\sfml.cpp(80): warning C4244: инициализация: преобразование "int" в "float", возможна потеря данных
d:\code\в процессе\the salute\the salute\sfml.cpp(85): warning C4305: +=: усечение из "double" в "float"
d:\code\в процессе\the salute\the salute\sfml.cpp(176): warning C4244: аргумент: преобразование "double" в "float", возможна потеря данных
d:\code\в процессе\the salute\the salute\sfml.cpp(189): warning C4244: аргумент: преобразование "double" в "float", возможна потеря данных
d:\code\в процессе\the salute\the salute\sfml.cpp(201): warning C4244: аргумент: преобразование "double" в "float", возможна потеря данных
d:\code\в процессе\the salute\the salute\sfml.cpp(230): warning C4244: аргумент: преобразование "const T" в "T", возможна потеря данных
          with
          [
              T=float
          ]
          and
          [
              T=int
          ]
d:\code\в процессе\the salute\the salute\sfml.cpp(231): warning C4244: аргумент: преобразование "const T" в "T", возможна потеря данных
          with
          [
              T=float
          ]
          and
          [
              T=int
          ]
d:\code\в процессе\the salute\the salute\sfml.cpp(233): warning C4244: аргумент: преобразование "const T" в "T", возможна потеря данных
          with
          [
              T=float
          ]
          and
          [
              T=int
          ]
d:\code\в процессе\the salute\the salute\sfml.cpp(234): warning C4244: аргумент: преобразование "T" в "T", возможна потеря данных
          with
          [
              T=float
          ]
          and
          [
              T=int
          ]
d:\code\в процессе\the salute\the salute\sfml.cpp(234): warning C4244: аргумент: преобразование "const T" в "T", возможна потеря данных
          with
          [
              T=float
          ]
          and
          [
              T=int
          ]
d:\code\в процессе\the salute\the salute\sfml.cpp(236): warning C4244: аргумент: преобразование "const T" в "T", возможна потеря данных
          with
          [
              T=float
          ]
          and
          [
              T=int
          ]
d:\code\в процессе\the salute\the salute\sfml.cpp(237): warning C4244: аргумент: преобразование "T" в "T", возможна потеря данных
          with
          [
              T=float
          ]
          and
          [
              T=int
          ]
d:\code\в процессе\the salute\the salute\sfml.cpp(237): warning C4244: аргумент: преобразование "const T" в "T", возможна потеря данных
          with
          [
              T=float
          ]
          and
          [
              T=int
          ]
d:\code\в процессе\the salute\the salute\sfml.cpp(239): warning C4244: аргумент: преобразование "const T" в "T", возможна потеря данных
          with
          [
              T=float
          ]
          and
          [
              T=int
          ]
d:\code\в процессе\the salute\the salute\sfml.cpp(240): warning C4244: аргумент: преобразование "T" в "T", возможна потеря данных
          with
          [
              T=float
          ]
          and
          [
              T=int
          ]
d:\code\в процессе\the salute\the salute\sfml.cpp(240): warning C4244: аргумент: преобразование "const T" в "T", возможна потеря данных
          with
          [
              T=float
          ]
          and
          [
              T=int
          ]
d:\code\в процессе\the salute\the salute\sfml.cpp(344): warning C4244: аргумент: преобразование "const T" в "T", возможна потеря данных
          with
          [
              T=float
          ]
          and
          [
              T=int
          ]
d:\code\в процессе\the salute\the salute\sfml.cpp(349): warning C4244: аргумент: преобразование "const T" в "T", возможна потеря данных
          with
          [
              T=float
          ]
          and
          [
              T=int
          ]
  Salute.cpp
d:\code\в процессе\the salute\the salute\salute.cpp(12): warning C4244: =: преобразование "int" в "float", возможна потеря данных
d:\code\в процессе\the salute\the salute\salute.cpp(17): warning C4018: <: несоответствие типов со знаком и без знака
d:\code\в процессе\the salute\the salute\salute.cpp(32): warning C4018: <: несоответствие типов со знаком и без знака
d:\code\в процессе\the salute\the salute\salute.cpp(39): warning C4018: <: несоответствие типов со знаком и без знака
d:\code\в процессе\the salute\the salute\salute.cpp(45): warning C4018: <: несоответствие типов со знаком и без знака
d:\code\в процессе\the salute\the salute\salute.cpp(46): warning C4244: аргумент: преобразование "int" в "T", возможна потеря данных
          with
          [
              T=float
          ]
d:\code\в процессе\the salute\the salute\salute.cpp(62): warning C4018: <: несоответствие типов со знаком и без знака
d:\code\в процессе\the salute\the salute\salute.cpp(74): warning C4018: <: несоответствие типов со знаком и без знака
d:\code\в процессе\the salute\the salute\salute.cpp(113): warning C4244: return: преобразование "float" в "int", возможна потеря данных
  main.cpp
  Создание кода...
  The salute.vcxproj -> D:\Code\В процессе\The salute\x64\Debug\The salute.exe
